2021-06-11  9:31:32 0 [Note] InnoDB: Mutexes and rw_locks use Windows interlocked functions
2021-06-11  9:31:32 0 [Note] InnoDB: Uses event mutexes
2021-06-11  9:31:32 0 [Note] InnoDB: Compressed tables use zlib 1.2.11
2021-06-11  9:31:32 0 [Note] InnoDB: Number of pools: 1
2021-06-11  9:31:32 0 [Note] InnoDB: Using SSE2 crc32 instructions
2021-06-11  9:31:32 0 [Note] InnoDB: Initializing buffer pool, total size = 16M, instances = 1, chunk size = 16M
2021-06-11  9:31:32 0 [Note] InnoDB: Completed initialization of buffer pool
2021-06-11  9:31:32 0 [Note] InnoDB: Starting crash recovery from checkpoint LSN=300288
2021-06-11  9:31:33 0 [Note] InnoDB: 128 out of 128 rollback segments are active.
2021-06-11  9:31:33 0 [Note] InnoDB: Removed temporary tablespace data file: "ibtmp1"
2021-06-11  9:31:33 0 [Note] InnoDB: Creating shared tablespace for temporary tables
2021-06-11  9:31:33 0 [Note] InnoDB: Setting file 'C:\xampp\mysql\data\ibtmp1' size to 12 MB. Physically writing the file full; Please wait ...
2021-06-11  9:31:33 0 [Note] InnoDB: File 'C:\xampp\mysql\data\ibtmp1' size is now 12 MB.
2021-06-11  9:31:33 0 [Note] InnoDB: Waiting for purge to start
2021-06-11  9:31:33 0 [Note] InnoDB: 10.4.19 started; log sequence number 300297; transaction id 170
2021-06-11  9:31:33 0 [Note] InnoDB: Loading buffer pool(s) from C:\xampp\mysql\data\ib_buffer_pool
2021-06-11  9:31:33 0 [Note] Plugin 'FEEDBACK' is disabled.
2021-06-11  9:31:33 0 [Note] Server socket created on IP: '::'.
2021-06-11  9:31:33 0 [Note] InnoDB: Buffer pool(s) load completed at 210611  9:31:33
2021-06-11  9:31:33 0 [Note] Reading of all Master_info entries succeeded
2021-06-11  9:31:33 0 [Note] Added new Master_info '' to hash table
2021-06-11  9:31:33 0 [Note] C:\xampp\mysql\bin\mysqld.exe: ready for connections.
Version: '10.4.19-MariaDB'  socket: ''  port: 3306  mariadb.org binary distribution
2021-06-11  9:40:18 0 [Note] C:\xampp\mysql\bin\mysqld.exe (initiated by: unknown): Normal shutdown
2021-06-11  9:40:18 0 [Note] Event Scheduler: Purging the queue. 0 events
2021-06-11  9:40:18 0 [Note] InnoDB: FTS optimize thread exiting.
2021-06-11  9:40:18 0 [Note] InnoDB: Starting shutdown...
2021-06-11  9:40:18 0 [Note] InnoDB: Dumping buffer pool(s) to C:\xampp\mysql\data\ib_buffer_pool
2021-06-11  9:40:18 0 [Note] InnoDB: Instance 0, restricted to 250 pages due to innodb_buf_pool_dump_pct=25
2021-06-11  9:40:18 0 [Note] InnoDB: Buffer pool(s) dump completed at 210611  9:40:18
2021-06-11  9:40:19 0 [Note] InnoDB: Removed temporary tablespace data file: "ibtmp1"
2021-06-11  9:40:19 0 [Note] InnoDB: Shutdown completed; log sequence number 300315; transaction id 171
2021-06-11  9:40:19 0 [Note] C:\xampp\mysql\bin\mysqld.exe: Shutdown complete

2021-06-11 11:03:37 0 [Note] InnoDB: Mutexes and rw_locks use Windows interlocked functions
2021-06-11 11:03:37 0 [Note] InnoDB: Uses event mutexes
2021-06-11 11:03:37 0 [Note] InnoDB: Compressed tables use zlib 1.2.11
2021-06-11 11:03:37 0 [Note] InnoDB: Number of pools: 1
2021-06-11 11:03:37 0 [Note] InnoDB: Using SSE2 crc32 instructions
2021-06-11 11:03:37 0 [Note] InnoDB: Initializing buffer pool, total size = 16M, instances = 1, chunk size = 16M
2021-06-11 11:03:37 0 [Note] InnoDB: Completed initialization of buffer pool
2021-06-11 11:03:38 0 [Note] InnoDB: 128 out of 128 rollback segments are active.
2021-06-11 11:03:38 0 [Note] InnoDB: Creating shared tablespace for temporary tables
2021-06-11 11:03:38 0 [Note] InnoDB: Setting file 'C:\xampp\mysql\data\ibtmp1' size to 12 MB. Physically writing the file full; Please wait ...
2021-06-11 11:03:38 0 [Note] InnoDB: File 'C:\xampp\mysql\data\ibtmp1' size is now 12 MB.
2021-06-11 11:03:38 0 [Note] InnoDB: Waiting for purge to start
2021-06-11 11:03:38 0 [Note] InnoDB: 10.4.19 started; log sequence number 300315; transaction id 170
2021-06-11 11:03:38 0 [Note] InnoDB: Loading buffer pool(s) from C:\xampp\mysql\data\ib_buffer_pool
2021-06-11 11:03:38 0 [Note] Plugin 'FEEDBACK' is disabled.
2021-06-11 11:03:38 0 [Note] InnoDB: Buffer pool(s) load completed at 210611 11:03:38
2021-06-11 11:03:38 0 [Note] Server socket created on IP: '::'.
2021-06-11 11:03:38 0 [ERROR] Can't start server: Bind on TCP/IP port. Got error: 10048: Only one usage of each socket address (protocol/network address/port) is normally permitted.

2021-06-11 11:03:38 0 [ERROR] Do you already have another mysqld server running on port: 3306 ?
2021-06-11 11:03:38 0 [ERROR] Aborting
2021-06-11 11:04:10 0 [Note] InnoDB: Mutexes and rw_locks use Windows interlocked functions
2021-06-11 11:04:10 0 [Note] InnoDB: Uses event mutexes
2021-06-11 11:04:10 0 [Note] InnoDB: Compressed tables use zlib 1.2.11
2021-06-11 11:04:10 0 [Note] InnoDB: Number of pools: 1
2021-06-11 11:04:10 0 [Note] InnoDB: Using SSE2 crc32 instructions
2021-06-11 11:04:10 0 [Note] InnoDB: Initializing buffer pool, total size = 16M, instances = 1, chunk size = 16M
2021-06-11 11:04:10 0 [Note] InnoDB: Completed initialization of buffer pool
2021-06-11 11:04:20 0 [Note] InnoDB: 128 out of 128 rollback segments are active.
2021-06-11 11:04:20 0 [Note] InnoDB: Creating shared tablespace for temporary tables
2021-06-11 11:04:20 0 [Note] InnoDB: Setting file 'C:\xampp\mysql\data\ibtmp1' size to 12 MB. Physically writing the file full; Please wait ...
2021-06-11 11:04:20 0 [Note] InnoDB: File 'C:\xampp\mysql\data\ibtmp1' size is now 12 MB.
2021-06-11 11:04:20 0 [Note] InnoDB: Waiting for purge to start
2021-06-11 11:04:20 0 [Note] InnoDB: 10.4.19 started; log sequence number 300324; transaction id 170
2021-06-11 11:04:20 0 [Note] InnoDB: Loading buffer pool(s) from C:\xampp\mysql\data\ib_buffer_pool
2021-06-11 11:04:20 0 [Note] Plugin 'FEEDBACK' is disabled.
2021-06-11 11:04:20 0 [Note] Server socket created on IP: '::'.
2021-06-11 11:04:20 0 [ERROR] Can't start server: Bind on TCP/IP port. Got error: 10048: Only one usage of each socket address (protocol/network address/port) is normally permitted.

2021-06-11 11:04:20 0 [ERROR] Do you already have another mysqld server running on port: 3306 ?
2021-06-11 11:04:20 0 [ERROR] Aborting
2021-06-11 11:05:26 0 [Note] InnoDB: Mutexes and rw_locks use Windows interlocked functions
2021-06-11 11:05:26 0 [Note] InnoDB: Uses event mutexes
2021-06-11 11:05:26 0 [Note] InnoDB: Compressed tables use zlib 1.2.11
2021-06-11 11:05:26 0 [Note] InnoDB: Number of pools: 1
2021-06-11 11:05:26 0 [Note] InnoDB: Using SSE2 crc32 instructions
2021-06-11 11:05:26 0 [Note] InnoDB: Initializing buffer pool, total size = 16M, instances = 1, chunk size = 16M
2021-06-11 11:05:26 0 [Note] InnoDB: Completed initialization of buffer pool
2021-06-11 11:05:39 0 [Note] InnoDB: 128 out of 128 rollback segments are active.
2021-06-11 11:05:39 0 [Note] InnoDB: Creating shared tablespace for temporary tables
2021-06-11 11:05:39 0 [Note] InnoDB: Setting file 'C:\xampp\mysql\data\ibtmp1' size to 12 MB. Physically writing the file full; Please wait ...
2021-06-11 11:05:39 0 [Note] InnoDB: File 'C:\xampp\mysql\data\ibtmp1' size is now 12 MB.
2021-06-11 11:05:39 0 [Note] InnoDB: Waiting for purge to start
2021-06-11 11:05:39 0 [Note] InnoDB: 10.4.19 started; log sequence number 300333; transaction id 170
2021-06-11 11:05:39 0 [Note] InnoDB: Loading buffer pool(s) from C:\xampp\mysql\data\ib_buffer_pool
2021-06-11 11:05:39 0 [Note] Plugin 'FEEDBACK' is disabled.
2021-06-11 11:05:40 0 [Note] Server socket created on IP: '::'.
2021-06-11 11:05:40 0 [ERROR] Can't start server: Bind on TCP/IP port. Got error: 10048: Only one usage of each socket address (protocol/network address/port) is normally permitted.

2021-06-11 11:05:40 0 [ERROR] Do you already have another mysqld server running on port: 3306 ?
2021-06-11 11:05:40 0 [ERROR] Aborting
2021-06-11 11:08:12 0 [Note] InnoDB: Mutexes and rw_locks use Windows interlocked functions
2021-06-11 11:08:12 0 [Note] InnoDB: Uses event mutexes
2021-06-11 11:08:12 0 [Note] InnoDB: Compressed tables use zlib 1.2.11
2021-06-11 11:08:12 0 [Note] InnoDB: Number of pools: 1
2021-06-11 11:08:12 0 [Note] InnoDB: Using SSE2 crc32 instructions
2021-06-11 11:08:12 0 [Note] InnoDB: Initializing buffer pool, total size = 16M, instances = 1, chunk size = 16M
2021-06-11 11:08:12 0 [Note] InnoDB: Completed initialization of buffer pool
2021-06-11 11:08:14 0 [Note] InnoDB: 128 out of 128 rollback segments are active.
2021-06-11 11:08:14 0 [Note] InnoDB: Creating shared tablespace for temporary tables
2021-06-11 11:08:14 0 [Note] InnoDB: Setting file 'C:\xampp\mysql\data\ibtmp1' size to 12 MB. Physically writing the file full; Please wait ...
2021-06-11 11:08:14 0 [Note] InnoDB: File 'C:\xampp\mysql\data\ibtmp1' size is now 12 MB.
2021-06-11 11:08:14 0 [Note] InnoDB: Waiting for purge to start
2021-06-11 11:08:15 0 [Note] InnoDB: 10.4.19 started; log sequence number 300342; transaction id 170
2021-06-11 11:08:15 0 [Note] InnoDB: Loading buffer pool(s) from C:\xampp\mysql\data\ib_buffer_pool
2021-06-11 11:08:15 0 [Note] Plugin 'FEEDBACK' is disabled.
2021-06-11 11:08:15 0 [Note] Server socket created on IP: '::'.
2021-06-11 11:08:15 0 [ERROR] Can't start server: Bind on TCP/IP port. Got error: 10048: Only one usage of each socket address (protocol/network address/port) is normally permitted.

2021-06-11 11:08:15 0 [ERROR] Do you already have another mysqld server running on port: 3306 ?
2021-06-11 11:08:15 0 [ERROR] Aborting
2021-06-11 12:38:17 0 [Note] InnoDB: Mutexes and rw_locks use Windows interlocked functions
2021-06-11 12:38:17 0 [Note] InnoDB: Uses event mutexes
2021-06-11 12:38:17 0 [Note] InnoDB: Compressed tables use zlib 1.2.11
2021-06-11 12:38:17 0 [Note] InnoDB: Number of pools: 1
2021-06-11 12:38:17 0 [Note] InnoDB: Using SSE2 crc32 instructions
2021-06-11 12:38:17 0 [Note] InnoDB: Initializing buffer pool, total size = 16M, instances = 1, chunk size = 16M
2021-06-11 12:38:17 0 [Note] InnoDB: Completed initialization of buffer pool
2021-06-11 12:38:17 0 [Note] InnoDB: 128 out of 128 rollback segments are active.
2021-06-11 12:38:17 0 [Note] InnoDB: Creating shared tablespace for temporary tables
2021-06-11 12:38:17 0 [Note] InnoDB: Setting file 'C:\xampp\mysql\data\ibtmp1' size to 12 MB. Physically writing the file full; Please wait ...
2021-06-11 12:38:17 0 [Note] InnoDB: File 'C:\xampp\mysql\data\ibtmp1' size is now 12 MB.
2021-06-11 12:38:17 0 [Note] InnoDB: Waiting for purge to start
2021-06-11 12:38:17 0 [Note] InnoDB: 10.4.19 started; log sequence number 300351; transaction id 170
2021-06-11 12:38:17 0 [Note] InnoDB: Loading buffer pool(s) from C:\xampp\mysql\data\ib_buffer_pool
2021-06-11 12:38:17 0 [Note] Plugin 'FEEDBACK' is disabled.
2021-06-11 12:38:17 0 [Note] InnoDB: Buffer pool(s) load completed at 210611 12:38:17
2021-06-11 12:38:17 0 [Note] Server socket created on IP: '::'.
2021-06-11 12:38:17 0 [ERROR] Can't start server: Bind on TCP/IP port. Got error: 10048: Only one usage of each socket address (protocol/network address/port) is normally permitted.

2021-06-11 12:38:17 0 [ERROR] Do you already have another mysqld server running on port: 3306 ?
2021-06-11 12:38:17 0 [ERROR] Aborting
2021-06-11 12:42:16 0 [Note] InnoDB: Mutexes and rw_locks use Windows interlocked functions
2021-06-11 12:42:16 0 [Note] InnoDB: Uses event mutexes
2021-06-11 12:42:16 0 [Note] InnoDB: Compressed tables use zlib 1.2.11
2021-06-11 12:42:16 0 [Note] InnoDB: Number of pools: 1
2021-06-11 12:42:16 0 [Note] InnoDB: Using SSE2 crc32 instructions
2021-06-11 12:42:16 0 [Note] InnoDB: Initializing buffer pool, total size = 16M, instances = 1, chunk size = 16M
2021-06-11 12:42:16 0 [Note] InnoDB: Completed initialization of buffer pool
2021-06-11 12:42:16 0 [Note] InnoDB: 128 out of 128 rollback segments are active.
2021-06-11 12:42:16 0 [Note] InnoDB: Creating shared tablespace for temporary tables
2021-06-11 12:42:16 0 [Note] InnoDB: Setting file 'C:\xampp\mysql\data\ibtmp1' size to 12 MB. Physically writing the file full; Please wait ...
2021-06-11 12:42:16 0 [Note] InnoDB: File 'C:\xampp\mysql\data\ibtmp1' size is now 12 MB.
2021-06-11 12:42:16 0 [Note] InnoDB: Waiting for purge to start
2021-06-11 12:42:17 0 [Note] InnoDB: 10.4.19 started; log sequence number 300360; transaction id 170
2021-06-11 12:42:17 0 [Note] InnoDB: Loading buffer pool(s) from C:\xampp\mysql\data\ib_buffer_pool
2021-06-11 12:42:17 0 [Note] Plugin 'FEEDBACK' is disabled.
2021-06-11 12:42:17 0 [Note] InnoDB: Buffer pool(s) load completed at 210611 12:42:17
2021-06-11 12:42:17 0 [Note] Server socket created on IP: '::'.
2021-06-11 12:42:17 0 [Note] Reading of all Master_info entries succeeded
2021-06-11 12:42:17 0 [Note] Added new Master_info '' to hash table
2021-06-11 12:42:17 0 [Note] C:\xampp\mysql\bin\mysqld.exe: ready for connections.
Version: '10.4.19-MariaDB'  socket: ''  port: 3306  mariadb.org binary distribution
2021-06-11 12:44:51 0 [Note] C:\xampp\mysql\bin\mysqld.exe (initiated by: unknown): Normal shutdown
2021-06-11 12:44:51 0 [Note] Event Scheduler: Purging the queue. 0 events
2021-06-11 12:44:51 0 [Note] InnoDB: FTS optimize thread exiting.
2021-06-11 12:44:51 0 [Note] InnoDB: Starting shutdown...
2021-06-11 12:44:51 0 [Note] InnoDB: Dumping buffer pool(s) to C:\xampp\mysql\data\ib_buffer_pool
2021-06-11 12:44:51 0 [Note] InnoDB: Instance 0, restricted to 250 pages due to innodb_buf_pool_dump_pct=25
2021-06-11 12:44:51 0 [Note] InnoDB: Buffer pool(s) dump completed at 210611 12:44:51
2021-06-11 12:44:51 0 [Note] InnoDB: Removed temporary tablespace data file: "ibtmp1"
2021-06-11 12:44:51 0 [Note] InnoDB: Shutdown completed; log sequence number 300701; transaction id 192
2021-06-11 12:44:51 0 [Note] C:\xampp\mysql\bin\mysqld.exe: Shutdown complete

2021-06-11 12:52:45 0 [Note] InnoDB: Mutexes and rw_locks use Windows interlocked functions
2021-06-11 12:52:45 0 [Note] InnoDB: Uses event mutexes
2021-06-11 12:52:45 0 [Note] InnoDB: Compressed tables use zlib 1.2.11
2021-06-11 12:52:45 0 [Note] InnoDB: Number of pools: 1
2021-06-11 12:52:45 0 [Note] InnoDB: Using SSE2 crc32 instructions
2021-06-11 12:52:45 0 [Note] InnoDB: Initializing buffer pool, total size = 16M, instances = 1, chunk size = 16M
2021-06-11 12:52:45 0 [Note] InnoDB: Completed initialization of buffer pool
2021-06-11 12:52:46 0 [Note] InnoDB: 128 out of 128 rollback segments are active.
2021-06-11 12:52:46 0 [Note] InnoDB: Creating shared tablespace for temporary tables
2021-06-11 12:52:46 0 [Note] InnoDB: Setting file 'C:\xampp\mysql\data\ibtmp1' size to 12 MB. Physically writing the file full; Please wait ...
2021-06-11 12:52:46 0 [Note] InnoDB: File 'C:\xampp\mysql\data\ibtmp1' size is now 12 MB.
2021-06-11 12:52:46 0 [Note] InnoDB: Waiting for purge to start
2021-06-11 12:52:46 0 [Note] InnoDB: 10.4.19 started; log sequence number 300701; transaction id 193
2021-06-11 12:52:46 0 [Note] InnoDB: Loading buffer pool(s) from C:\xampp\mysql\data\ib_buffer_pool
2021-06-11 12:52:46 0 [Note] Plugin 'FEEDBACK' is disabled.
2021-06-11 12:52:46 0 [Note] Server socket created on IP: '::'.
2021-06-11 12:52:49 0 [Note] InnoDB: Buffer pool(s) load completed at 210611 12:52:49
2021-06-11 12:52:50 0 [Note] Reading of all Master_info entries succeeded
2021-06-11 12:52:50 0 [Note] Added new Master_info '' to hash table
2021-06-11 12:52:50 0 [Note] C:\xampp\mysql\bin\mysqld.exe: ready for connections.
Version: '10.4.19-MariaDB'  socket: ''  port: 3306  mariadb.org binary distribution
2021-06-11 15:00:08 0 [Note] C:\xampp\mysql\bin\mysqld.exe (initiated by: unknown): Normal shutdown
2021-06-11 15:00:08 0 [Note] Event Scheduler: Purging the queue. 0 events
2021-06-11 15:00:08 0 [Note] InnoDB: FTS optimize thread exiting.
2021-06-11 15:00:09 0 [Note] InnoDB: Starting shutdown...
2021-06-11 15:00:09 0 [Note] InnoDB: Dumping buffer pool(s) to C:\xampp\mysql\data\ib_buffer_pool
2021-06-11 15:00:09 0 [Note] InnoDB: Instance 0, restricted to 250 pages due to innodb_buf_pool_dump_pct=25
2021-06-11 15:00:09 0 [Note] InnoDB: Buffer pool(s) dump completed at 210611 15:00:09
2021-06-11 15:00:10 0 [Note] InnoDB: Removed temporary tablespace data file: "ibtmp1"
2021-06-11 15:00:10 0 [Note] InnoDB: Shutdown completed; log sequence number 394897; transaction id 471
2021-06-11 15:00:10 0 [Note] C:\xampp\mysql\bin\mysqld.exe: Shutdown complete

2021-06-14  8:57:30 0 [Note] InnoDB: Mutexes and rw_locks use Windows interlocked functions
2021-06-14  8:57:30 0 [Note] InnoDB: Uses event mutexes
2021-06-14  8:57:30 0 [Note] InnoDB: Compressed tables use zlib 1.2.11
2021-06-14  8:57:30 0 [Note] InnoDB: Number of pools: 1
2021-06-14  8:57:30 0 [Note] InnoDB: Using SSE2 crc32 instructions
2021-06-14  8:57:30 0 [Note] InnoDB: Initializing buffer pool, total size = 16M, instances = 1, chunk size = 16M
2021-06-14  8:57:30 0 [Note] InnoDB: Completed initialization of buffer pool
2021-06-14  8:57:30 0 [Note] InnoDB: 128 out of 128 rollback segments are active.
2021-06-14  8:57:30 0 [Note] InnoDB: Creating shared tablespace for temporary tables
2021-06-14  8:57:30 0 [Note] InnoDB: Setting file 'C:\xampp\mysql\data\ibtmp1' size to 12 MB. Physically writing the file full; Please wait ...
2021-06-14  8:57:30 0 [Note] InnoDB: File 'C:\xampp\mysql\data\ibtmp1' size is now 12 MB.
2021-06-14  8:57:30 0 [Note] InnoDB: Waiting for purge to start
2021-06-14  8:57:31 0 [Note] InnoDB: 10.4.19 started; log sequence number 394897; transaction id 472
2021-06-14  8:57:31 0 [Note] InnoDB: Loading buffer pool(s) from C:\xampp\mysql\data\ib_buffer_pool
2021-06-14  8:57:31 0 [Note] Plugin 'FEEDBACK' is disabled.
2021-06-14  8:57:31 0 [Note] InnoDB: Buffer pool(s) load completed at 210614  8:57:31
2021-06-14  8:57:31 0 [Note] Server socket created on IP: '::'.
2021-06-14  8:57:31 0 [Note] Reading of all Master_info entries succeeded
2021-06-14  8:57:31 0 [Note] Added new Master_info '' to hash table
2021-06-14  8:57:31 0 [Note] C:\xampp\mysql\bin\mysqld.exe: ready for connections.
Version: '10.4.19-MariaDB'  socket: ''  port: 3306  mariadb.org binary distribution
2021-07-01 16:13:52 0 [Note] C:\xampp\mysql\bin\mysqld.exe (initiated by: unknown): Normal shutdown
2021-07-01 16:13:52 0 [Note] Event Scheduler: Purging the queue. 0 events
2021-07-01 16:13:52 0 [Note] InnoDB: FTS optimize thread exiting.
2021-07-01 16:13:53 0 [Note] InnoDB: Starting shutdown...
2021-07-01 16:13:53 0 [Note] InnoDB: Dumping buffer pool(s) to C:\xampp\mysql\data\ib_buffer_pool
2021-07-01 16:13:53 0 [Note] InnoDB: Instance 0, restricted to 250 pages due to innodb_buf_pool_dump_pct=25
2021-07-01 16:13:53 0 [Note] InnoDB: Buffer pool(s) dump completed at 210701 16:13:53
2021-07-01 16:13:53 0 [Note] InnoDB: Removed temporary tablespace data file: "ibtmp1"
2021-07-01 16:13:53 0 [Note] InnoDB: Shutdown completed; log sequence number 396279; transaction id 498
2021-07-01 16:13:53 0 [Note] C:\xampp\mysql\bin\mysqld.exe: Shutdown complete

2021-07-06 17:03:10 0 [Note] InnoDB: Mutexes and rw_locks use Windows interlocked functions
2021-07-06 17:03:10 0 [Note] InnoDB: Uses event mutexes
2021-07-06 17:03:10 0 [Note] InnoDB: Compressed tables use zlib 1.2.11
2021-07-06 17:03:10 0 [Note] InnoDB: Number of pools: 1
2021-07-06 17:03:10 0 [Note] InnoDB: Using SSE2 crc32 instructions
2021-07-06 17:03:10 0 [Note] InnoDB: Initializing buffer pool, total size = 16M, instances = 1, chunk size = 16M
2021-07-06 17:03:10 0 [Note] InnoDB: Completed initialization of buffer pool
2021-07-06 17:03:12 0 [Note] InnoDB: 128 out of 128 rollback segments are active.
2021-07-06 17:03:12 0 [Note] InnoDB: Creating shared tablespace for temporary tables
2021-07-06 17:03:12 0 [Note] InnoDB: Setting file 'C:\xampp\mysql\data\ibtmp1' size to 12 MB. Physically writing the file full; Please wait ...
2021-07-06 17:03:13 0 [Note] InnoDB: File 'C:\xampp\mysql\data\ibtmp1' size is now 12 MB.
2021-07-06 17:03:13 0 [Note] InnoDB: Waiting for purge to start
2021-07-06 17:03:13 0 [Note] InnoDB: Waiting for purge to start
2021-07-06 17:03:13 0 [Note] InnoDB: Waiting for purge to start
2021-07-06 17:03:13 0 [Note] InnoDB: 10.4.19 started; log sequence number 396279; transaction id 497
2021-07-06 17:03:13 0 [Note] InnoDB: Loading buffer pool(s) from C:\xampp\mysql\data\ib_buffer_pool
2021-07-06 17:03:13 0 [Note] Plugin 'FEEDBACK' is disabled.
2021-07-06 17:03:14 0 [Note] Server socket created on IP: '::'.
2021-07-06 17:03:16 0 [Note] InnoDB: Buffer pool(s) load completed at 210706 17:03:16
2021-07-06 17:03:16 0 [Note] Reading of all Master_info entries succeeded
2021-07-06 17:03:16 0 [Note] Added new Master_info '' to hash table
2021-07-06 17:03:16 0 [Note] C:\xampp\mysql\bin\mysqld.exe: ready for connections.
Version: '10.4.19-MariaDB'  socket: ''  port: 3306  mariadb.org binary distribution
2021-07-07  4:36:03 0 [Note] C:\xampp\mysql\bin\mysqld.exe (initiated by: unknown): Normal shutdown
2021-07-07  4:36:03 0 [Note] Event Scheduler: Purging the queue. 0 events
2021-07-07  4:36:03 0 [Note] InnoDB: FTS optimize thread exiting.
2021-07-07  4:36:06 0 [Note] InnoDB: Starting shutdown...
2021-07-07  4:36:06 0 [Note] InnoDB: Dumping buffer pool(s) to C:\xampp\mysql\data\ib_buffer_pool
2021-07-07  4:36:06 0 [Note] InnoDB: Instance 0, restricted to 250 pages due to innodb_buf_pool_dump_pct=25
2021-07-07  4:36:06 0 [Note] InnoDB: Buffer pool(s) dump completed at 210707  4:36:06
2021-07-07  4:36:07 0 [Note] InnoDB: Removed temporary tablespace data file: "ibtmp1"
2021-07-07  4:36:07 0 [Note] InnoDB: Shutdown completed; log sequence number 396313; transaction id 498
2021-07-07  4:36:08 0 [Note] C:\xampp\mysql\bin\mysqld.exe: Shutdown complete

2021-07-07  4:36:48 0 [Note] InnoDB: Mutexes and rw_locks use Windows interlocked functions
2021-07-07  4:36:48 0 [Note] InnoDB: Uses event mutexes
2021-07-07  4:36:48 0 [Note] InnoDB: Compressed tables use zlib 1.2.11
2021-07-07  4:36:48 0 [Note] InnoDB: Number of pools: 1
2021-07-07  4:36:48 0 [Note] InnoDB: Using SSE2 crc32 instructions
2021-07-07  4:36:48 0 [Note] InnoDB: Initializing buffer pool, total size = 16M, instances = 1, chunk size = 16M
2021-07-07  4:36:48 0 [Note] InnoDB: Completed initialization of buffer pool
2021-07-07  4:36:50 0 [Note] InnoDB: 128 out of 128 rollback segments are active.
2021-07-07  4:36:50 0 [Note] InnoDB: Creating shared tablespace for temporary tables
2021-07-07  4:36:50 0 [Note] InnoDB: Setting file 'C:\xampp\mysql\data\ibtmp1' size to 12 MB. Physically writing the file full; Please wait ...
2021-07-07  4:36:50 0 [Note] InnoDB: File 'C:\xampp\mysql\data\ibtmp1' size is now 12 MB.
2021-07-07  4:36:50 0 [Note] InnoDB: Waiting for purge to start
2021-07-07  4:36:50 0 [Note] InnoDB: 10.4.19 started; log sequence number 396313; transaction id 497
2021-07-07  4:36:50 0 [Note] InnoDB: Loading buffer pool(s) from C:\xampp\mysql\data\ib_buffer_pool
2021-07-07  4:36:50 0 [Note] Plugin 'FEEDBACK' is disabled.
2021-07-07  4:36:50 0 [Note] Server socket created on IP: '::'.
2021-07-07  4:36:50 0 [Note] InnoDB: Buffer pool(s) load completed at 210707  4:36:50
2021-07-07  4:36:51 0 [Note] Reading of all Master_info entries succeeded
2021-07-07  4:36:51 0 [Note] Added new Master_info '' to hash table
2021-07-07  4:36:51 0 [Note] C:\xampp\mysql\bin\mysqld.exe: ready for connections.
Version: '10.4.19-MariaDB'  socket: ''  port: 3306  mariadb.org binary distribution
2021-07-13 16:59:18 0 [Note] C:\xampp\mysql\bin\mysqld.exe (initiated by: unknown): Normal shutdown
2021-07-13 16:59:18 0 [Note] Event Scheduler: Purging the queue. 0 events
2021-07-13 16:59:18 0 [Note] InnoDB: FTS optimize thread exiting.
2021-07-13 16:59:18 0 [Note] InnoDB: Starting shutdown...
2021-07-13 16:59:18 0 [Note] InnoDB: Dumping buffer pool(s) to C:\xampp\mysql\data\ib_buffer_pool
2021-07-13 16:59:18 0 [Note] InnoDB: Instance 0, restricted to 250 pages due to innodb_buf_pool_dump_pct=25
2021-07-13 16:59:18 0 [Note] InnoDB: Buffer pool(s) dump completed at 210713 16:59:18
2021-07-13 16:59:18 0 [Note] InnoDB: Removed temporary tablespace data file: "ibtmp1"
2021-07-13 16:59:18 0 [Note] InnoDB: Shutdown completed; log sequence number 396322; transaction id 498
2021-07-13 16:59:18 0 [Note] C:\xampp\mysql\bin\mysqld.exe: Shutdown complete

2021-07-13 16:59:52 0 [Note] InnoDB: Mutexes and rw_locks use Windows interlocked functions
2021-07-13 16:59:52 0 [Note] InnoDB: Uses event mutexes
2021-07-13 16:59:52 0 [Note] InnoDB: Compressed tables use zlib 1.2.11
2021-07-13 16:59:52 0 [Note] InnoDB: Number of pools: 1
2021-07-13 16:59:52 0 [Note] InnoDB: Using SSE2 crc32 instructions
2021-07-13 16:59:52 0 [Note] InnoDB: Initializing buffer pool, total size = 16M, instances = 1, chunk size = 16M
2021-07-13 16:59:52 0 [Note] InnoDB: Completed initialization of buffer pool
2021-07-13 16:59:52 0 [Note] InnoDB: 128 out of 128 rollback segments are active.
2021-07-13 16:59:52 0 [Note] InnoDB: Creating shared tablespace for temporary tables
2021-07-13 16:59:52 0 [Note] InnoDB: Setting file 'C:\xampp\mysql\data\ibtmp1' size to 12 MB. Physically writing the file full; Please wait ...
2021-07-13 16:59:52 0 [Note] InnoDB: File 'C:\xampp\mysql\data\ibtmp1' size is now 12 MB.
2021-07-13 16:59:52 0 [Note] InnoDB: Waiting for purge to start
2021-07-13 16:59:52 0 [Note] InnoDB: 10.4.19 started; log sequence number 396322; transaction id 497
2021-07-13 16:59:52 0 [Note] InnoDB: Loading buffer pool(s) from C:\xampp\mysql\data\ib_buffer_pool
2021-07-13 16:59:52 0 [Note] Plugin 'FEEDBACK' is disabled.
2021-07-13 16:59:53 0 [Note] Server socket created on IP: '::'.
2021-07-13 16:59:53 0 [Note] InnoDB: Buffer pool(s) load completed at 210713 16:59:53
2021-07-13 16:59:53 0 [Note] Reading of all Master_info entries succeeded
2021-07-13 16:59:53 0 [Note] Added new Master_info '' to hash table
2021-07-13 16:59:53 0 [Note] C:\xampp\mysql\bin\mysqld.exe: ready for connections.
Version: '10.4.19-MariaDB'  socket: ''  port: 3306  mariadb.org binary distribution
2021-07-14  8:53:51 0 [Note] InnoDB: Mutexes and rw_locks use Windows interlocked functions
2021-07-14  8:53:51 0 [Note] InnoDB: Uses event mutexes
2021-07-14  8:53:51 0 [Note] InnoDB: Compressed tables use zlib 1.2.11
2021-07-14  8:53:51 0 [Note] InnoDB: Number of pools: 1
2021-07-14  8:53:51 0 [Note] InnoDB: Using SSE2 crc32 instructions
2021-07-14  8:53:51 0 [Note] InnoDB: Initializing buffer pool, total size = 16M, instances = 1, chunk size = 16M
2021-07-14  8:53:51 0 [Note] InnoDB: Completed initialization of buffer pool
2021-07-14  8:53:51 0 [Note] InnoDB: Starting crash recovery from checkpoint LSN=396322
2021-07-14  8:53:52 0 [Note] InnoDB: 128 out of 128 rollback segments are active.
2021-07-14  8:53:52 0 [Note] InnoDB: Removed temporary tablespace data file: "ibtmp1"
2021-07-14  8:53:52 0 [Note] InnoDB: Creating shared tablespace for temporary tables
2021-07-14  8:53:52 0 [Note] InnoDB: Setting file 'C:\xampp\mysql\data\ibtmp1' size to 12 MB. Physically writing the file full; Please wait ...
2021-07-14  8:53:52 0 [Note] InnoDB: File 'C:\xampp\mysql\data\ibtmp1' size is now 12 MB.
2021-07-14  8:53:52 0 [Note] InnoDB: Waiting for purge to start
2021-07-14  8:53:52 0 [Note] InnoDB: 10.4.19 started; log sequence number 396331; transaction id 497
2021-07-14  8:53:52 0 [Note] InnoDB: Loading buffer pool(s) from C:\xampp\mysql\data\ib_buffer_pool
2021-07-14  8:53:52 0 [Note] Plugin 'FEEDBACK' is disabled.
2021-07-14  8:53:52 0 [Note] Server socket created on IP: '::'.
2021-07-14  8:53:52 0 [Note] InnoDB: Buffer pool(s) load completed at 210714  8:53:52
2021-07-14  8:53:52 0 [Note] Reading of all Master_info entries succeeded
2021-07-14  8:53:52 0 [Note] Added new Master_info '' to hash table
2021-07-14  8:53:52 0 [Note] C:\xampp\mysql\bin\mysqld.exe: ready for connections.
Version: '10.4.19-MariaDB'  socket: ''  port: 3306  mariadb.org binary distribution
2021-07-16 14:58:26 0 [Note] C:\xampp\mysql\bin\mysqld.exe (initiated by: unknown): Normal shutdown
2021-07-16 14:58:26 0 [Note] InnoDB: FTS optimize thread exiting.
2021-07-16 14:58:26 0 [Note] Event Scheduler: Purging the queue. 0 events
2021-07-16 14:58:26 0 [Note] InnoDB: Starting shutdown...
2021-07-16 14:58:26 0 [Note] InnoDB: Dumping buffer pool(s) to C:\xampp\mysql\data\ib_buffer_pool
2021-07-16 14:58:26 0 [Note] InnoDB: Instance 0, restricted to 250 pages due to innodb_buf_pool_dump_pct=25
2021-07-16 14:58:26 0 [Note] InnoDB: Buffer pool(s) dump completed at 210716 14:58:26
2021-07-16 14:58:27 0 [Note] InnoDB: Removed temporary tablespace data file: "ibtmp1"
2021-07-16 14:58:27 0 [Note] InnoDB: Shutdown completed; log sequence number 396349; transaction id 498
2021-07-16 14:58:27 0 [Note] C:\xampp\mysql\bin\mysqld.exe: Shutdown complete

2021-07-16 14:58:54 0 [Note] InnoDB: Mutexes and rw_locks use Windows interlocked functions
2021-07-16 14:58:54 0 [Note] InnoDB: Uses event mutexes
2021-07-16 14:58:54 0 [Note] InnoDB: Compressed tables use zlib 1.2.11
2021-07-16 14:58:54 0 [Note] InnoDB: Number of pools: 1
2021-07-16 14:58:54 0 [Note] InnoDB: Using SSE2 crc32 instructions
2021-07-16 14:58:54 0 [Note] InnoDB: Initializing buffer pool, total size = 16M, instances = 1, chunk size = 16M
2021-07-16 14:58:54 0 [Note] InnoDB: Completed initialization of buffer pool
2021-07-16 14:58:55 0 [Note] InnoDB: 128 out of 128 rollback segments are active.
2021-07-16 14:58:55 0 [Note] InnoDB: Creating shared tablespace for temporary tables
2021-07-16 14:58:55 0 [Note] InnoDB: Setting file 'C:\xampp\mysql\data\ibtmp1' size to 12 MB. Physically writing the file full; Please wait ...
2021-07-16 14:58:55 0 [Note] InnoDB: File 'C:\xampp\mysql\data\ibtmp1' size is now 12 MB.
2021-07-16 14:58:55 0 [Note] InnoDB: Waiting for purge to start
2021-07-16 14:58:55 0 [Note] InnoDB: 10.4.19 started; log sequence number 396349; transaction id 497
2021-07-16 14:58:55 0 [Note] InnoDB: Loading buffer pool(s) from C:\xampp\mysql\data\ib_buffer_pool
2021-07-16 14:58:55 0 [Note] Plugin 'FEEDBACK' is disabled.
2021-07-16 14:58:55 0 [Note] Server socket created on IP: '::'.
2021-07-16 14:58:55 0 [Note] InnoDB: Buffer pool(s) load completed at 210716 14:58:55
2021-07-16 14:58:55 0 [Note] Reading of all Master_info entries succeeded
2021-07-16 14:58:55 0 [Note] Added new Master_info '' to hash table
2021-07-16 14:58:55 0 [Note] C:\xampp\mysql\bin\mysqld.exe: ready for connections.
Version: '10.4.19-MariaDB'  socket: ''  port: 3306  mariadb.org binary distribution
2021-07-19  8:53:08 0 [Note] InnoDB: Mutexes and rw_locks use Windows interlocked functions
2021-07-19  8:53:08 0 [Note] InnoDB: Uses event mutexes
2021-07-19  8:53:08 0 [Note] InnoDB: Compressed tables use zlib 1.2.11
2021-07-19  8:53:08 0 [Note] InnoDB: Number of pools: 1
2021-07-19  8:53:08 0 [Note] InnoDB: Using SSE2 crc32 instructions
2021-07-19  8:53:08 0 [Note] InnoDB: Initializing buffer pool, total size = 16M, instances = 1, chunk size = 16M
2021-07-19  8:53:08 0 [Note] InnoDB: Completed initialization of buffer pool
2021-07-19  8:53:08 0 [Note] InnoDB: Starting crash recovery from checkpoint LSN=396349
2021-07-19  8:53:09 0 [Note] InnoDB: 128 out of 128 rollback segments are active.
2021-07-19  8:53:09 0 [Note] InnoDB: Removed temporary tablespace data file: "ibtmp1"
2021-07-19  8:53:09 0 [Note] InnoDB: Creating shared tablespace for temporary tables
2021-07-19  8:53:09 0 [Note] InnoDB: Setting file 'C:\xampp\mysql\data\ibtmp1' size to 12 MB. Physically writing the file full; Please wait ...
2021-07-19  8:53:09 0 [Note] InnoDB: File 'C:\xampp\mysql\data\ibtmp1' size is now 12 MB.
2021-07-19  8:53:09 0 [Note] InnoDB: Waiting for purge to start
2021-07-19  8:53:09 0 [Note] InnoDB: 10.4.19 started; log sequence number 396358; transaction id 497
2021-07-19  8:53:09 0 [Note] InnoDB: Loading buffer pool(s) from C:\xampp\mysql\data\ib_buffer_pool
2021-07-19  8:53:09 0 [Note] Plugin 'FEEDBACK' is disabled.
2021-07-19  8:53:09 0 [Note] Server socket created on IP: '::'.
2021-07-19  8:53:09 0 [Note] InnoDB: Buffer pool(s) load completed at 210719  8:53:09
2021-07-19  8:53:09 0 [Note] Reading of all Master_info entries succeeded
2021-07-19  8:53:09 0 [Note] Added new Master_info '' to hash table
2021-07-19  8:53:09 0 [Note] C:\xampp\mysql\bin\mysqld.exe: ready for connections.
Version: '10.4.19-MariaDB'  socket: ''  port: 3306  mariadb.org binary distribution
2021-08-06 14:16:37 0 [Note] InnoDB: Mutexes and rw_locks use Windows interlocked functions
2021-08-06 14:16:37 0 [Note] InnoDB: Uses event mutexes
2021-08-06 14:16:37 0 [Note] InnoDB: Compressed tables use zlib 1.2.11
2021-08-06 14:16:37 0 [Note] InnoDB: Number of pools: 1
2021-08-06 14:16:37 0 [Note] InnoDB: Using SSE2 crc32 instructions
2021-08-06 14:16:37 0 [Note] InnoDB: Initializing buffer pool, total size = 16M, instances = 1, chunk size = 16M
2021-08-06 14:16:37 0 [Note] InnoDB: Completed initialization of buffer pool
2021-08-06 14:16:37 0 [Note] InnoDB: Starting crash recovery from checkpoint LSN=396367
2021-08-06 14:16:38 0 [Note] InnoDB: 128 out of 128 rollback segments are active.
2021-08-06 14:16:38 0 [Note] InnoDB: Removed temporary tablespace data file: "ibtmp1"
2021-08-06 14:16:38 0 [Note] InnoDB: Creating shared tablespace for temporary tables
2021-08-06 14:16:38 0 [Note] InnoDB: Setting file 'C:\xampp\mysql\data\ibtmp1' size to 12 MB. Physically writing the file full; Please wait ...
2021-08-06 14:16:38 0 [Note] InnoDB: File 'C:\xampp\mysql\data\ibtmp1' size is now 12 MB.
2021-08-06 14:16:38 0 [Note] InnoDB: Waiting for purge to start
2021-08-06 14:16:38 0 [Note] InnoDB: 10.4.19 started; log sequence number 396376; transaction id 497
2021-08-06 14:16:38 0 [Note] InnoDB: Loading buffer pool(s) from C:\xampp\mysql\data\ib_buffer_pool
2021-08-06 14:16:38 0 [Note] Plugin 'FEEDBACK' is disabled.
2021-08-06 14:16:39 0 [Note] Server socket created on IP: '::'.
2021-08-06 14:16:39 0 [Note] InnoDB: Buffer pool(s) load completed at 210806 14:16:39
2021-08-06 14:16:39 0 [Note] Reading of all Master_info entries succeeded
2021-08-06 14:16:39 0 [Note] Added new Master_info '' to hash table
2021-08-06 14:16:39 0 [Note] C:\xampp\mysql\bin\mysqld.exe: ready for connections.
Version: '10.4.19-MariaDB'  socket: ''  port: 3306  mariadb.org binary distribution
2021-08-16 16:59:59 0 [Note] C:\xampp\mysql\bin\mysqld.exe (initiated by: unknown): Normal shutdown
2021-08-16 16:59:59 0 [Note] Event Scheduler: Purging the queue. 0 events
2021-08-16 16:59:59 0 [Note] InnoDB: FTS optimize thread exiting.
2021-08-16 16:59:59 0 [Note] InnoDB: Starting shutdown...
2021-08-16 16:59:59 0 [Note] InnoDB: Dumping buffer pool(s) to C:\xampp\mysql\data\ib_buffer_pool
2021-08-16 16:59:59 0 [Note] InnoDB: Instance 0, restricted to 250 pages due to innodb_buf_pool_dump_pct=25
2021-08-16 16:59:59 0 [Note] InnoDB: Buffer pool(s) dump completed at 210816 16:59:59
2021-08-16 17:00:00 0 [Note] InnoDB: Removed temporary tablespace data file: "ibtmp1"
2021-08-16 17:00:00 0 [Note] InnoDB: Shutdown completed; log sequence number 396394; transaction id 498
2021-08-16 17:00:00 0 [Note] C:\xampp\mysql\bin\mysqld.exe: Shutdown complete

2021-08-16 17:00:40 0 [Note] InnoDB: Mutexes and rw_locks use Windows interlocked functions
2021-08-16 17:00:40 0 [Note] InnoDB: Uses event mutexes
2021-08-16 17:00:40 0 [Note] InnoDB: Compressed tables use zlib 1.2.11
2021-08-16 17:00:40 0 [Note] InnoDB: Number of pools: 1
2021-08-16 17:00:40 0 [Note] InnoDB: Using SSE2 crc32 instructions
2021-08-16 17:00:40 0 [Note] InnoDB: Initializing buffer pool, total size = 16M, instances = 1, chunk size = 16M
2021-08-16 17:00:40 0 [Note] InnoDB: Completed initialization of buffer pool
2021-08-16 17:00:41 0 [Note] InnoDB: 128 out of 128 rollback segments are active.
2021-08-16 17:00:41 0 [Note] InnoDB: Creating shared tablespace for temporary tables
2021-08-16 17:00:41 0 [Note] InnoDB: Setting file 'C:\xampp\mysql\data\ibtmp1' size to 12 MB. Physically writing the file full; Please wait ...
2021-08-16 17:00:41 0 [Note] InnoDB: File 'C:\xampp\mysql\data\ibtmp1' size is now 12 MB.
2021-08-16 17:00:41 0 [Note] InnoDB: Waiting for purge to start
2021-08-16 17:00:41 0 [Note] InnoDB: 10.4.19 started; log sequence number 396394; transaction id 497
2021-08-16 17:00:41 0 [Note] Plugin 'FEEDBACK' is disabled.
2021-08-16 17:00:41 0 [Note] InnoDB: Loading buffer pool(s) from C:\xampp\mysql\data\ib_buffer_pool
2021-08-16 17:00:41 0 [Note] Server socket created on IP: '::'.
2021-08-16 17:00:41 0 [Note] InnoDB: Buffer pool(s) load completed at 210816 17:00:41
2021-08-16 17:00:41 0 [Note] Reading of all Master_info entries succeeded
2021-08-16 17:00:41 0 [Note] Added new Master_info '' to hash table
2021-08-16 17:00:41 0 [Note] C:\xampp\mysql\bin\mysqld.exe: ready for connections.
Version: '10.4.19-MariaDB'  socket: ''  port: 3306  mariadb.org binary distribution
2021-08-16 17:00:50 0 [Note] C:\xampp\mysql\bin\mysqld.exe (initiated by: unknown): Normal shutdown
2021-08-16 17:00:50 0 [Note] Event Scheduler: Purging the queue. 0 events
2021-08-16 17:00:50 0 [Note] InnoDB: FTS optimize thread exiting.
2021-08-16 17:00:50 0 [Note] InnoDB: Starting shutdown...
2021-08-16 17:00:50 0 [Note] InnoDB: Dumping buffer pool(s) to C:\xampp\mysql\data\ib_buffer_pool
2021-08-16 17:00:50 0 [Note] InnoDB: Instance 0, restricted to 250 pages due to innodb_buf_pool_dump_pct=25
2021-08-16 17:00:50 0 [Note] InnoDB: Buffer pool(s) dump completed at 210816 17:00:50
2021-08-16 17:00:51 0 [Note] InnoDB: Removed temporary tablespace data file: "ibtmp1"
2021-08-16 17:00:51 0 [Note] InnoDB: Shutdown completed; log sequence number 396403; transaction id 498
2021-08-16 17:00:51 0 [Note] C:\xampp\mysql\bin\mysqld.exe: Shutdown complete

2021-08-17  8:56:41 0 [Note] InnoDB: Mutexes and rw_locks use Windows interlocked functions
2021-08-17  8:56:41 0 [Note] InnoDB: Uses event mutexes
2021-08-17  8:56:41 0 [Note] InnoDB: Compressed tables use zlib 1.2.11
2021-08-17  8:56:41 0 [Note] InnoDB: Number of pools: 1
2021-08-17  8:56:42 0 [Note] InnoDB: Using SSE2 crc32 instructions
2021-08-17  8:56:42 0 [Note] InnoDB: Initializing buffer pool, total size = 16M, instances = 1, chunk size = 16M
2021-08-17  8:56:42 0 [Note] InnoDB: Completed initialization of buffer pool
2021-08-17  8:56:43 0 [Note] InnoDB: 128 out of 128 rollback segments are active.
2021-08-17  8:56:43 0 [Note] InnoDB: Creating shared tablespace for temporary tables
2021-08-17  8:56:43 0 [Note] InnoDB: Setting file 'C:\xampp\mysql\data\ibtmp1' size to 12 MB. Physically writing the file full; Please wait ...
2021-08-17  8:56:43 0 [Note] InnoDB: File 'C:\xampp\mysql\data\ibtmp1' size is now 12 MB.
2021-08-17  8:56:43 0 [Note] InnoDB: Waiting for purge to start
2021-08-17  8:56:43 0 [Note] InnoDB: 10.4.19 started; log sequence number 396403; transaction id 497
2021-08-17  8:56:43 0 [Note] InnoDB: Loading buffer pool(s) from C:\xampp\mysql\data\ib_buffer_pool
2021-08-17  8:56:43 0 [Note] Plugin 'FEEDBACK' is disabled.
2021-08-17  8:56:44 0 [Note] Server socket created on IP: '::'.
2021-08-17  8:56:45 0 [Note] InnoDB: Buffer pool(s) load completed at 210817  8:56:45
2021-08-17  8:56:45 0 [Note] Reading of all Master_info entries succeeded
2021-08-17  8:56:45 0 [Note] Added new Master_info '' to hash table
2021-08-17  8:56:45 0 [Note] C:\xampp\mysql\bin\mysqld.exe: ready for connections.
Version: '10.4.19-MariaDB'  socket: ''  port: 3306  mariadb.org binary distribution
2021-08-19 16:59:56 0 [Note] C:\xampp\mysql\bin\mysqld.exe (initiated by: unknown): Normal shutdown
2021-08-19 16:59:56 0 [Note] Event Scheduler: Purging the queue. 0 events
2021-08-19 16:59:56 0 [Note] InnoDB: FTS optimize thread exiting.
2021-08-19 16:59:56 0 [Note] InnoDB: Starting shutdown...
2021-08-19 16:59:56 0 [Note] InnoDB: Dumping buffer pool(s) to C:\xampp\mysql\data\ib_buffer_pool
2021-08-19 16:59:56 0 [Note] InnoDB: Instance 0, restricted to 250 pages due to innodb_buf_pool_dump_pct=25
2021-08-19 16:59:56 0 [Note] InnoDB: Buffer pool(s) dump completed at 210819 16:59:56
2021-08-19 16:59:57 0 [Note] InnoDB: Removed temporary tablespace data file: "ibtmp1"
2021-08-19 16:59:57 0 [Note] InnoDB: Shutdown completed; log sequence number 396412; transaction id 498
2021-08-19 16:59:57 0 [Note] C:\xampp\mysql\bin\mysqld.exe: Shutdown complete

2021-08-19 17:00:28 0 [Note] InnoDB: Mutexes and rw_locks use Windows interlocked functions
2021-08-19 17:00:28 0 [Note] InnoDB: Uses event mutexes
2021-08-19 17:00:28 0 [Note] InnoDB: Compressed tables use zlib 1.2.11
2021-08-19 17:00:28 0 [Note] InnoDB: Number of pools: 1
2021-08-19 17:00:29 0 [Note] InnoDB: Using SSE2 crc32 instructions
2021-08-19 17:00:29 0 [Note] InnoDB: Initializing buffer pool, total size = 16M, instances = 1, chunk size = 16M
2021-08-19 17:00:29 0 [Note] InnoDB: Completed initialization of buffer pool
2021-08-19 17:00:30 0 [Note] InnoDB: 128 out of 128 rollback segments are active.
2021-08-19 17:00:30 0 [Note] InnoDB: Creating shared tablespace for temporary tables
2021-08-19 17:00:30 0 [Note] InnoDB: Setting file 'C:\xampp\mysql\data\ibtmp1' size to 12 MB. Physically writing the file full; Please wait ...
2021-08-19 17:00:30 0 [Note] InnoDB: File 'C:\xampp\mysql\data\ibtmp1' size is now 12 MB.
2021-08-19 17:00:30 0 [Note] InnoDB: Waiting for purge to start
2021-08-19 17:00:30 0 [Note] InnoDB: 10.4.19 started; log sequence number 396412; transaction id 497
2021-08-19 17:00:30 0 [Note] InnoDB: Loading buffer pool(s) from C:\xampp\mysql\data\ib_buffer_pool
2021-08-19 17:00:30 0 [Note] Plugin 'FEEDBACK' is disabled.
2021-08-19 17:00:30 0 [Note] Server socket created on IP: '::'.
2021-08-19 17:00:31 0 [Note] InnoDB: Buffer pool(s) load completed at 210819 17:00:31
2021-08-19 17:00:31 0 [Note] Reading of all Master_info entries succeeded
2021-08-19 17:00:31 0 [Note] Added new Master_info '' to hash table
2021-08-19 17:00:31 0 [Note] C:\xampp\mysql\bin\mysqld.exe: ready for connections.
Version: '10.4.19-MariaDB'  socket: ''  port: 3306  mariadb.org binary distribution
2021-08-19 17:01:14 0 [Note] C:\xampp\mysql\bin\mysqld.exe (initiated by: unknown): Normal shutdown
2021-08-19 17:01:14 0 [Note] Event Scheduler: Purging the queue. 0 events
2021-08-19 17:01:14 0 [Note] InnoDB: FTS optimize thread exiting.
2021-08-19 17:01:14 0 [Note] InnoDB: Starting shutdown...
2021-08-19 17:01:14 0 [Note] InnoDB: Dumping buffer pool(s) to C:\xampp\mysql\data\ib_buffer_pool
2021-08-19 17:01:14 0 [Note] InnoDB: Instance 0, restricted to 250 pages due to innodb_buf_pool_dump_pct=25
2021-08-19 17:01:14 0 [Note] InnoDB: Buffer pool(s) dump completed at 210819 17:01:14
2021-08-19 17:01:15 0 [Note] InnoDB: Removed temporary tablespace data file: "ibtmp1"
2021-08-19 17:01:15 0 [Note] InnoDB: Shutdown completed; log sequence number 396421; transaction id 498
2021-08-19 17:01:15 0 [Note] C:\xampp\mysql\bin\mysqld.exe: Shutdown complete

2021-08-20  8:51:32 0 [Note] InnoDB: Mutexes and rw_locks use Windows interlocked functions
2021-08-20  8:51:32 0 [Note] InnoDB: Uses event mutexes
2021-08-20  8:51:32 0 [Note] InnoDB: Compressed tables use zlib 1.2.11
2021-08-20  8:51:32 0 [Note] InnoDB: Number of pools: 1
2021-08-20  8:51:32 0 [Note] InnoDB: Using SSE2 crc32 instructions
2021-08-20  8:51:32 0 [Note] InnoDB: Initializing buffer pool, total size = 16M, instances = 1, chunk size = 16M
2021-08-20  8:51:32 0 [Note] InnoDB: Completed initialization of buffer pool
2021-08-20  8:51:33 0 [Note] InnoDB: 128 out of 128 rollback segments are active.
2021-08-20  8:51:33 0 [Note] InnoDB: Creating shared tablespace for temporary tables
2021-08-20  8:51:33 0 [Note] InnoDB: Setting file 'C:\xampp\mysql\data\ibtmp1' size to 12 MB. Physically writing the file full; Please wait ...
2021-08-20  8:51:33 0 [Note] InnoDB: File 'C:\xampp\mysql\data\ibtmp1' size is now 12 MB.
2021-08-20  8:51:33 0 [Note] InnoDB: Waiting for purge to start
2021-08-20  8:51:33 0 [Note] InnoDB: 10.4.19 started; log sequence number 396421; transaction id 497
2021-08-20  8:51:33 0 [Note] InnoDB: Loading buffer pool(s) from C:\xampp\mysql\data\ib_buffer_pool
2021-08-20  8:51:33 0 [Note] Plugin 'FEEDBACK' is disabled.
2021-08-20  8:51:33 0 [Note] Server socket created on IP: '::'.
2021-08-20  8:51:34 0 [Note] InnoDB: Buffer pool(s) load completed at 210820  8:51:34
2021-08-20  8:51:35 0 [Note] Reading of all Master_info entries succeeded
2021-08-20  8:51:35 0 [Note] Added new Master_info '' to hash table
2021-08-20  8:51:35 0 [Note] C:\xampp\mysql\bin\mysqld.exe: ready for connections.
Version: '10.4.19-MariaDB'  socket: ''  port: 3306  mariadb.org binary distribution
2021-10-08  8:59:10 0 [Note] InnoDB: Mutexes and rw_locks use Windows interlocked functions
2021-10-08  8:59:10 0 [Note] InnoDB: Uses event mutexes
2021-10-08  8:59:10 0 [Note] InnoDB: Compressed tables use zlib 1.2.11
2021-10-08  8:59:10 0 [Note] InnoDB: Number of pools: 1
2021-10-08  8:59:10 0 [Note] InnoDB: Using SSE2 crc32 instructions
2021-10-08  8:59:10 0 [Note] InnoDB: Initializing buffer pool, total size = 16M, instances = 1, chunk size = 16M
2021-10-08  8:59:10 0 [Note] InnoDB: Completed initialization of buffer pool
2021-10-08  8:59:10 0 [Note] InnoDB: Starting crash recovery from checkpoint LSN=396722
2021-10-08  8:59:11 0 [Note] InnoDB: 128 out of 128 rollback segments are active.
2021-10-08  8:59:11 0 [Note] InnoDB: Removed temporary tablespace data file: "ibtmp1"
2021-10-08  8:59:11 0 [Note] InnoDB: Creating shared tablespace for temporary tables
2021-10-08  8:59:11 0 [Note] InnoDB: Setting file 'C:\xampp\mysql\data\ibtmp1' size to 12 MB. Physically writing the file full; Please wait ...
2021-10-08  8:59:11 0 [Note] InnoDB: File 'C:\xampp\mysql\data\ibtmp1' size is now 12 MB.
2021-10-08  8:59:11 0 [Note] InnoDB: Waiting for purge to start
2021-10-08  8:59:11 0 [Note] InnoDB: 10.4.19 started; log sequence number 396731; transaction id 520
2021-10-08  8:59:11 0 [Note] InnoDB: Loading buffer pool(s) from C:\xampp\mysql\data\ib_buffer_pool
2021-10-08  8:59:11 0 [Note] Plugin 'FEEDBACK' is disabled.
2021-10-08  8:59:11 0 [Note] Server socket created on IP: '::'.
2021-10-08  8:59:11 0 [Note] InnoDB: Buffer pool(s) load completed at 211008  8:59:11
2021-10-08  8:59:11 0 [Note] Reading of all Master_info entries succeeded
2021-10-08  8:59:11 0 [Note] Added new Master_info '' to hash table
2021-10-08  8:59:11 0 [Note] C:\xampp\mysql\bin\mysqld.exe: ready for connections.
Version: '10.4.19-MariaDB'  socket: ''  port: 3306  mariadb.org binary distribution
2021-10-12  0:19:44 0 [Note] C:\xampp\mysql\bin\mysqld.exe (initiated by: unknown): Normal shutdown
2021-10-12  0:19:44 0 [Note] Event Scheduler: Purging the queue. 0 events
2021-10-12  0:19:44 0 [Note] InnoDB: FTS optimize thread exiting.
2021-10-12  0:19:44 0 [Note] InnoDB: Starting shutdown...
2021-10-12  0:19:44 0 [Note] InnoDB: Dumping buffer pool(s) to C:\xampp\mysql\data\ib_buffer_pool
2021-10-12  0:19:44 0 [Note] InnoDB: Instance 0, restricted to 250 pages due to innodb_buf_pool_dump_pct=25
2021-10-12  0:19:44 0 [Note] InnoDB: Buffer pool(s) dump completed at 211012  0:19:44
2021-10-12  0:19:45 0 [Note] InnoDB: Removed temporary tablespace data file: "ibtmp1"
2021-10-12  0:19:45 0 [Note] InnoDB: Shutdown completed; log sequence number 396749; transaction id 521
2021-10-12  0:19:45 0 [Note] C:\xampp\mysql\bin\mysqld.exe: Shutdown complete

2021-10-12  0:20:15 0 [Note] InnoDB: Mutexes and rw_locks use Windows interlocked functions
2021-10-12  0:20:15 0 [Note] InnoDB: Uses event mutexes
2021-10-12  0:20:15 0 [Note] InnoDB: Compressed tables use zlib 1.2.11
2021-10-12  0:20:15 0 [Note] InnoDB: Number of pools: 1
2021-10-12  0:20:15 0 [Note] InnoDB: Using SSE2 crc32 instructions
2021-10-12  0:20:15 0 [Note] InnoDB: Initializing buffer pool, total size = 16M, instances = 1, chunk size = 16M
2021-10-12  0:20:15 0 [Note] InnoDB: Completed initialization of buffer pool
2021-10-12  0:20:16 0 [Note] InnoDB: 128 out of 128 rollback segments are active.
2021-10-12  0:20:16 0 [Note] InnoDB: Creating shared tablespace for temporary tables
2021-10-12  0:20:16 0 [Note] InnoDB: Setting file 'C:\xampp\mysql\data\ibtmp1' size to 12 MB. Physically writing the file full; Please wait ...
2021-10-12  0:20:16 0 [Note] InnoDB: File 'C:\xampp\mysql\data\ibtmp1' size is now 12 MB.
2021-10-12  0:20:16 0 [Note] InnoDB: Waiting for purge to start
2021-10-12  0:20:16 0 [Note] InnoDB: 10.4.19 started; log sequence number 396749; transaction id 520
2021-10-12  0:20:16 0 [Note] InnoDB: Loading buffer pool(s) from C:\xampp\mysql\data\ib_buffer_pool
2021-10-12  0:20:16 0 [Note] Plugin 'FEEDBACK' is disabled.
2021-10-12  0:20:16 0 [Note] Server socket created on IP: '::'.
2021-10-12  0:20:17 0 [Note] InnoDB: Buffer pool(s) load completed at 211012  0:20:17
2021-10-12  0:20:17 0 [Note] Reading of all Master_info entries succeeded
2021-10-12  0:20:17 0 [Note] Added new Master_info '' to hash table
2021-10-12  0:20:17 0 [Note] C:\xampp\mysql\bin\mysqld.exe: ready for connections.
Version: '10.4.19-MariaDB'  socket: ''  port: 3306  mariadb.org binary distribution
2021-10-18 17:01:06 0 [Note] C:\xampp\mysql\bin\mysqld.exe (initiated by: unknown): Normal shutdown
2021-10-18 17:01:06 0 [Note] Event Scheduler: Purging the queue. 0 events
2021-10-18 17:01:06 0 [Note] InnoDB: FTS optimize thread exiting.
2021-10-18 17:01:07 0 [Note] InnoDB: Starting shutdown...
2021-10-18 17:01:07 0 [Note] InnoDB: Dumping buffer pool(s) to C:\xampp\mysql\data\ib_buffer_pool
2021-10-18 17:01:07 0 [Note] InnoDB: Instance 0, restricted to 250 pages due to innodb_buf_pool_dump_pct=25
2021-10-18 17:01:07 0 [Note] InnoDB: Buffer pool(s) dump completed at 211018 17:01:07
2021-10-18 17:01:09 0 [Note] InnoDB: Removed temporary tablespace data file: "ibtmp1"
2021-10-18 17:01:09 0 [Note] InnoDB: Shutdown completed; log sequence number 396758; transaction id 521
2021-10-18 17:01:09 0 [Note] C:\xampp\mysql\bin\mysqld.exe: Shutdown complete

2021-10-18 17:01:58 0 [Note] InnoDB: Mutexes and rw_locks use Windows interlocked functions
2021-10-18 17:01:58 0 [Note] InnoDB: Uses event mutexes
2021-10-18 17:01:58 0 [Note] InnoDB: Compressed tables use zlib 1.2.11
2021-10-18 17:01:58 0 [Note] InnoDB: Number of pools: 1
2021-10-18 17:01:58 0 [Note] InnoDB: Using SSE2 crc32 instructions
2021-10-18 17:01:58 0 [Note] InnoDB: Initializing buffer pool, total size = 16M, instances = 1, chunk size = 16M
2021-10-18 17:01:58 0 [Note] InnoDB: Completed initialization of buffer pool
2021-10-18 17:01:59 0 [Note] InnoDB: 128 out of 128 rollback segments are active.
2021-10-18 17:01:59 0 [Note] InnoDB: Creating shared tablespace for temporary tables
2021-10-18 17:01:59 0 [Note] InnoDB: Setting file 'C:\xampp\mysql\data\ibtmp1' size to 12 MB. Physically writing the file full; Please wait ...
2021-10-18 17:01:59 0 [Note] InnoDB: File 'C:\xampp\mysql\data\ibtmp1' size is now 12 MB.
2021-10-18 17:01:59 0 [Note] InnoDB: Waiting for purge to start
2021-10-18 17:01:59 0 [Note] InnoDB: 10.4.19 started; log sequence number 396758; transaction id 520
2021-10-18 17:01:59 0 [Note] InnoDB: Loading buffer pool(s) from C:\xampp\mysql\data\ib_buffer_pool
2021-10-18 17:01:59 0 [Note] Plugin 'FEEDBACK' is disabled.
2021-10-18 17:01:59 0 [Note] Server socket created on IP: '::'.
2021-10-18 17:01:59 0 [Note] InnoDB: Buffer pool(s) load completed at 211018 17:01:59
2021-10-18 17:01:59 0 [Note] Reading of all Master_info entries succeeded
2021-10-18 17:01:59 0 [Note] Added new Master_info '' to hash table
2021-10-18 17:01:59 0 [Note] C:\xampp\mysql\bin\mysqld.exe: ready for connections.
Version: '10.4.19-MariaDB'  socket: ''  port: 3306  mariadb.org binary distribution
2021-10-18 17:03:21 0 [Note] C:\xampp\mysql\bin\mysqld.exe (initiated by: unknown): Normal shutdown
2021-10-18 17:03:21 0 [Note] Event Scheduler: Purging the queue. 0 events
2021-10-18 17:03:21 0 [Note] InnoDB: FTS optimize thread exiting.
2021-10-18 17:03:22 0 [Note] InnoDB: Starting shutdown...
2021-10-18 17:03:22 0 [Note] InnoDB: Dumping buffer pool(s) to C:\xampp\mysql\data\ib_buffer_pool
2021-10-18 17:03:22 0 [Note] InnoDB: Instance 0, restricted to 250 pages due to innodb_buf_pool_dump_pct=25
2021-10-18 17:03:22 0 [Note] InnoDB: Buffer pool(s) dump completed at 211018 17:03:22
2021-10-18 17:03:23 0 [Note] InnoDB: Removed temporary tablespace data file: "ibtmp1"
2021-10-18 17:03:23 0 [Note] InnoDB: Shutdown completed; log sequence number 396767; transaction id 521
2021-10-18 17:03:24 0 [Note] C:\xampp\mysql\bin\mysqld.exe: Shutdown complete

2021-10-19  8:53:07 0 [Note] InnoDB: Mutexes and rw_locks use Windows interlocked functions
2021-10-19  8:53:07 0 [Note] InnoDB: Uses event mutexes
2021-10-19  8:53:07 0 [Note] InnoDB: Compressed tables use zlib 1.2.11
2021-10-19  8:53:07 0 [Note] InnoDB: Number of pools: 1
2021-10-19  8:53:07 0 [Note] InnoDB: Using SSE2 crc32 instructions
2021-10-19  8:53:08 0 [Note] InnoDB: Initializing buffer pool, total size = 16M, instances = 1, chunk size = 16M
2021-10-19  8:53:08 0 [Note] InnoDB: Completed initialization of buffer pool
2021-10-19  8:53:10 0 [Note] InnoDB: 128 out of 128 rollback segments are active.
2021-10-19  8:53:10 0 [Note] InnoDB: Creating shared tablespace for temporary tables
2021-10-19  8:53:10 0 [Note] InnoDB: Setting file 'C:\xampp\mysql\data\ibtmp1' size to 12 MB. Physically writing the file full; Please wait ...
2021-10-19  8:53:10 0 [Note] InnoDB: File 'C:\xampp\mysql\data\ibtmp1' size is now 12 MB.
2021-10-19  8:53:10 0 [Note] InnoDB: Waiting for purge to start
2021-10-19  8:53:10 0 [Note] InnoDB: 10.4.19 started; log sequence number 396767; transaction id 520
2021-10-19  8:53:10 0 [Note] InnoDB: Loading buffer pool(s) from C:\xampp\mysql\data\ib_buffer_pool
2021-10-19  8:53:10 0 [Note] Plugin 'FEEDBACK' is disabled.
2021-10-19  8:53:10 0 [Note] Server socket created on IP: '::'.
2021-10-19  8:53:12 0 [Note] InnoDB: Buffer pool(s) load completed at 211019  8:53:12
2021-10-19  8:53:12 0 [Note] Reading of all Master_info entries succeeded
2021-10-19  8:53:12 0 [Note] Added new Master_info '' to hash table
2021-10-19  8:53:12 0 [Note] C:\xampp\mysql\bin\mysqld.exe: ready for connections.
Version: '10.4.19-MariaDB'  socket: ''  port: 3306  mariadb.org binary distribution
2021-11-11 17:00:16 0 [Note] C:\xampp\mysql\bin\mysqld.exe (initiated by: unknown): Normal shutdown
2021-11-11 17:00:16 0 [Note] Event Scheduler: Purging the queue. 0 events
2021-11-11 17:00:16 0 [Note] InnoDB: FTS optimize thread exiting.
2021-11-11 17:00:16 0 [Note] InnoDB: Starting shutdown...
2021-11-11 17:00:16 0 [Note] InnoDB: Dumping buffer pool(s) to C:\xampp\mysql\data\ib_buffer_pool
2021-11-11 17:00:16 0 [Note] InnoDB: Instance 0, restricted to 250 pages due to innodb_buf_pool_dump_pct=25
2021-11-11 17:00:16 0 [Note] InnoDB: Buffer pool(s) dump completed at 211111 17:00:16
2021-11-11 17:00:17 0 [Note] InnoDB: Removed temporary tablespace data file: "ibtmp1"
2021-11-11 17:00:17 0 [Note] InnoDB: Shutdown completed; log sequence number 396776; transaction id 521
2021-11-11 17:00:17 0 [Note] C:\xampp\mysql\bin\mysqld.exe: Shutdown complete

2021-11-11 17:01:04 0 [Note] InnoDB: Mutexes and rw_locks use Windows interlocked functions
2021-11-11 17:01:04 0 [Note] InnoDB: Uses event mutexes
2021-11-11 17:01:04 0 [Note] InnoDB: Compressed tables use zlib 1.2.11
2021-11-11 17:01:04 0 [Note] InnoDB: Number of pools: 1
2021-11-11 17:01:04 0 [Note] InnoDB: Using SSE2 crc32 instructions
2021-11-11 17:01:04 0 [Note] InnoDB: Initializing buffer pool, total size = 16M, instances = 1, chunk size = 16M
2021-11-11 17:01:04 0 [Note] InnoDB: Completed initialization of buffer pool
2021-11-11 17:01:05 0 [Note] InnoDB: 128 out of 128 rollback segments are active.
2021-11-11 17:01:05 0 [Note] InnoDB: Creating shared tablespace for temporary tables
2021-11-11 17:01:05 0 [Note] InnoDB: Setting file 'C:\xampp\mysql\data\ibtmp1' size to 12 MB. Physically writing the file full; Please wait ...
2021-11-11 17:01:05 0 [Note] InnoDB: File 'C:\xampp\mysql\data\ibtmp1' size is now 12 MB.
2021-11-11 17:01:05 0 [Note] InnoDB: Waiting for purge to start
2021-11-11 17:01:05 0 [Note] InnoDB: 10.4.19 started; log sequence number 396776; transaction id 520
2021-11-11 17:01:05 0 [Note] InnoDB: Loading buffer pool(s) from C:\xampp\mysql\data\ib_buffer_pool
2021-11-11 17:01:05 0 [Note] Plugin 'FEEDBACK' is disabled.
2021-11-11 17:01:05 0 [Note] Server socket created on IP: '::'.
2021-11-11 17:01:05 0 [Note] InnoDB: Buffer pool(s) load completed at 211111 17:01:05
2021-11-11 17:01:05 0 [Note] Reading of all Master_info entries succeeded
2021-11-11 17:01:05 0 [Note] Added new Master_info '' to hash table
2021-11-11 17:01:05 0 [Note] C:\xampp\mysql\bin\mysqld.exe: ready for connections.
Version: '10.4.19-MariaDB'  socket: ''  port: 3306  mariadb.org binary distribution
2021-11-11 17:02:10 0 [Note] C:\xampp\mysql\bin\mysqld.exe (initiated by: unknown): Normal shutdown
2021-11-11 17:02:10 0 [Note] Event Scheduler: Purging the queue. 0 events
2021-11-11 17:02:10 0 [Note] InnoDB: FTS optimize thread exiting.
2021-11-11 17:02:11 0 [Note] InnoDB: Starting shutdown...
2021-11-11 17:02:11 0 [Note] InnoDB: Dumping buffer pool(s) to C:\xampp\mysql\data\ib_buffer_pool
2021-11-11 17:02:11 0 [Note] InnoDB: Instance 0, restricted to 250 pages due to innodb_buf_pool_dump_pct=25
2021-11-11 17:02:11 0 [Note] InnoDB: Buffer pool(s) dump completed at 211111 17:02:11
2021-11-11 17:02:12 0 [Note] InnoDB: Removed temporary tablespace data file: "ibtmp1"
2021-11-11 17:02:12 0 [Note] InnoDB: Shutdown completed; log sequence number 396785; transaction id 521
2021-11-11 17:02:12 0 [Note] C:\xampp\mysql\bin\mysqld.exe: Shutdown complete

2021-11-12  8:51:48 0 [Note] InnoDB: Mutexes and rw_locks use Windows interlocked functions
2021-11-12  8:51:48 0 [Note] InnoDB: Uses event mutexes
2021-11-12  8:51:48 0 [Note] InnoDB: Compressed tables use zlib 1.2.11
2021-11-12  8:51:49 0 [Note] InnoDB: Number of pools: 1
2021-11-12  8:51:49 0 [Note] InnoDB: Using SSE2 crc32 instructions
2021-11-12  8:51:49 0 [Note] InnoDB: Initializing buffer pool, total size = 16M, instances = 1, chunk size = 16M
2021-11-12  8:51:49 0 [Note] InnoDB: Completed initialization of buffer pool
2021-11-12  8:51:50 0 [Note] InnoDB: 128 out of 128 rollback segments are active.
2021-11-12  8:51:50 0 [Note] InnoDB: Creating shared tablespace for temporary tables
2021-11-12  8:51:50 0 [Note] InnoDB: Setting file 'C:\xampp\mysql\data\ibtmp1' size to 12 MB. Physically writing the file full; Please wait ...
2021-11-12  8:51:50 0 [Note] InnoDB: File 'C:\xampp\mysql\data\ibtmp1' size is now 12 MB.
2021-11-12  8:51:50 0 [Note] InnoDB: Waiting for purge to start
2021-11-12  8:51:50 0 [Note] InnoDB: 10.4.19 started; log sequence number 396785; transaction id 520
2021-11-12  8:51:50 0 [Note] InnoDB: Loading buffer pool(s) from C:\xampp\mysql\data\ib_buffer_pool
2021-11-12  8:51:50 0 [Note] Plugin 'FEEDBACK' is disabled.
2021-11-12  8:51:50 0 [Note] Server socket created on IP: '::'.
2021-11-12  8:51:51 0 [Note] InnoDB: Buffer pool(s) load completed at 211112  8:51:51
2021-11-12  8:51:51 0 [Note] Reading of all Master_info entries succeeded
2021-11-12  8:51:51 0 [Note] Added new Master_info '' to hash table
2021-11-12  8:51:51 0 [Note] C:\xampp\mysql\bin\mysqld.exe: ready for connections.
Version: '10.4.19-MariaDB'  socket: ''  port: 3306  mariadb.org binary distribution
2021-11-12 14:54:51 0 [Note] C:\xampp\mysql\bin\mysqld.exe (initiated by: unknown): Normal shutdown
2021-11-12 14:54:51 0 [Note] Event Scheduler: Purging the queue. 0 events
2021-11-12 14:54:51 0 [Note] InnoDB: FTS optimize thread exiting.
2021-11-12 14:54:51 0 [Note] InnoDB: Starting shutdown...
2021-11-12 14:54:51 0 [Note] InnoDB: Dumping buffer pool(s) to C:\xampp\mysql\data\ib_buffer_pool
2021-11-12 14:54:51 0 [Note] InnoDB: Instance 0, restricted to 250 pages due to innodb_buf_pool_dump_pct=25
2021-11-12 14:54:51 0 [Note] InnoDB: Buffer pool(s) dump completed at 211112 14:54:51
2021-11-12 14:54:52 0 [Note] InnoDB: Removed temporary tablespace data file: "ibtmp1"
2021-11-12 14:54:52 0 [Note] InnoDB: Shutdown completed; log sequence number 397222; transaction id 542
2021-11-12 14:54:52 0 [Note] C:\xampp\mysql\bin\mysqld.exe: Shutdown complete

2021-11-19  9:21:18 0 [Note] InnoDB: Mutexes and rw_locks use Windows interlocked functions
2021-11-19  9:21:18 0 [Note] InnoDB: Uses event mutexes
2021-11-19  9:21:18 0 [Note] InnoDB: Compressed tables use zlib 1.2.11
2021-11-19  9:21:18 0 [Note] InnoDB: Number of pools: 1
2021-11-19  9:21:18 0 [Note] InnoDB: Using SSE2 crc32 instructions
2021-11-19  9:21:18 0 [Note] InnoDB: Initializing buffer pool, total size = 16M, instances = 1, chunk size = 16M
2021-11-19  9:21:18 0 [Note] InnoDB: Completed initialization of buffer pool
2021-11-19  9:21:18 0 [Note] InnoDB: 128 out of 128 rollback segments are active.
2021-11-19  9:21:18 0 [Note] InnoDB: Creating shared tablespace for temporary tables
2021-11-19  9:21:18 0 [Note] InnoDB: Setting file 'C:\xampp\mysql\data\ibtmp1' size to 12 MB. Physically writing the file full; Please wait ...
2021-11-19  9:21:18 0 [Note] InnoDB: File 'C:\xampp\mysql\data\ibtmp1' size is now 12 MB.
2021-11-19  9:21:18 0 [Note] InnoDB: Waiting for purge to start
2021-11-19  9:21:18 0 [Note] InnoDB: 10.4.19 started; log sequence number 397222; transaction id 543
2021-11-19  9:21:18 0 [Note] InnoDB: Loading buffer pool(s) from C:\xampp\mysql\data\ib_buffer_pool
2021-11-19  9:21:18 0 [Note] Plugin 'FEEDBACK' is disabled.
2021-11-19  9:21:18 0 [Note] Server socket created on IP: '::'.
2021-11-19  9:21:18 0 [Note] InnoDB: Buffer pool(s) load completed at 211119  9:21:18
2021-11-19  9:21:19 0 [Note] Reading of all Master_info entries succeeded
2021-11-19  9:21:19 0 [Note] Added new Master_info '' to hash table
2021-11-19  9:21:19 0 [Note] C:\xampp\mysql\bin\mysqld.exe: ready for connections.
Version: '10.4.19-MariaDB'  socket: ''  port: 3306  mariadb.org binary distribution
2021-11-19  9:23:11 41 [Warning] Access denied for user 'root'@'localhost' (using password: NO)
2021-11-19  9:23:18 43 [Warning] Access denied for user 'root'@'localhost' (using password: NO)
2021-11-19  9:23:20 45 [Warning] Access denied for user 'root'@'localhost' (using password: NO)
2021-11-19  9:23:21 47 [Warning] Access denied for user 'root'@'localhost' (using password: NO)
2021-11-19  9:23:25 49 [Warning] Access denied for user 'root'@'localhost' (using password: NO)
2021-11-19  9:23:28 51 [Warning] Access denied for user 'root'@'localhost' (using password: NO)
2021-11-19  9:23:50 53 [Warning] Access denied for user 'root'@'localhost' (using password: NO)
2021-11-19  9:24:20 55 [Warning] Access denied for user 'root'@'localhost' (using password: NO)
2021-11-19  9:24:24 0 [Note] C:\xampp\mysql\bin\mysqld.exe (initiated by: unknown): Normal shutdown
2021-11-19  9:24:24 0 [Note] Event Scheduler: Purging the queue. 0 events
2021-11-19  9:24:24 0 [Note] InnoDB: FTS optimize thread exiting.
2021-11-19  9:24:24 0 [Note] InnoDB: Starting shutdown...
2021-11-19  9:24:24 0 [Note] InnoDB: Dumping buffer pool(s) to C:\xampp\mysql\data\ib_buffer_pool
2021-11-19  9:24:24 0 [Note] InnoDB: Instance 0, restricted to 250 pages due to innodb_buf_pool_dump_pct=25
2021-11-19  9:24:24 0 [Note] InnoDB: Buffer pool(s) dump completed at 211119  9:24:24
2021-11-19  9:24:26 0 [Note] InnoDB: Removed temporary tablespace data file: "ibtmp1"
2021-11-19  9:24:26 0 [Note] InnoDB: Shutdown completed; log sequence number 397548; transaction id 565
2021-11-19  9:24:26 0 [Note] C:\xampp\mysql\bin\mysqld.exe: Shutdown complete

2021-11-19  9:24:40 0 [Note] InnoDB: Mutexes and rw_locks use Windows interlocked functions
2021-11-19  9:24:40 0 [Note] InnoDB: Uses event mutexes
2021-11-19  9:24:40 0 [Note] InnoDB: Compressed tables use zlib 1.2.11
2021-11-19  9:24:40 0 [Note] InnoDB: Number of pools: 1
2021-11-19  9:24:40 0 [Note] InnoDB: Using SSE2 crc32 instructions
2021-11-19  9:24:40 0 [Note] InnoDB: Initializing buffer pool, total size = 16M, instances = 1, chunk size = 16M
2021-11-19  9:24:40 0 [Note] InnoDB: Completed initialization of buffer pool
2021-11-19  9:24:40 0 [Note] InnoDB: 128 out of 128 rollback segments are active.
2021-11-19  9:24:40 0 [Note] InnoDB: Creating shared tablespace for temporary tables
2021-11-19  9:24:40 0 [Note] InnoDB: Setting file 'C:\xampp\mysql\data\ibtmp1' size to 12 MB. Physically writing the file full; Please wait ...
2021-11-19  9:24:40 0 [Note] InnoDB: File 'C:\xampp\mysql\data\ibtmp1' size is now 12 MB.
2021-11-19  9:24:40 0 [Note] InnoDB: Waiting for purge to start
2021-11-19  9:24:40 0 [Note] InnoDB: 10.4.19 started; log sequence number 397548; transaction id 566
2021-11-19  9:24:40 0 [Note] InnoDB: Loading buffer pool(s) from C:\xampp\mysql\data\ib_buffer_pool
2021-11-19  9:24:40 0 [Note] Plugin 'FEEDBACK' is disabled.
2021-11-19  9:24:40 0 [Note] Server socket created on IP: '::'.
2021-11-19  9:24:40 0 [Note] Reading of all Master_info entries succeeded
2021-11-19  9:24:40 0 [Note] Added new Master_info '' to hash table
2021-11-19  9:24:40 0 [Note] C:\xampp\mysql\bin\mysqld.exe: ready for connections.
Version: '10.4.19-MariaDB'  socket: ''  port: 3306  mariadb.org binary distribution
2021-11-19  9:24:40 0 [Note] InnoDB: Buffer pool(s) load completed at 211119  9:24:40
2021-11-19  9:24:42 9 [Warning] Access denied for user 'root'@'localhost' (using password: NO)
2021-11-19  9:27:05 11 [Warning] Access denied for user 'root'@'localhost' (using password: NO)
2021-11-19 10:59:25 325 [Warning] Access denied for user 'username'@'localhost' (using password: YES)
2021-11-19 10:59:48 326 [Warning] Access denied for user 'username'@'localhost' (using password: YES)
2021-11-19 11:00:20 327 [Warning] Access denied for user 'username'@'localhost' (using password: YES)
2021-11-19 11:00:25 329 [Warning] Access denied for user 'username'@'localhost' (using password: YES)
2021-11-19 11:01:24 331 [Warning] Access denied for user 'username'@'localhost' (using password: YES)
2021-11-19 11:01:45 333 [Warning] Access denied for user 'username'@'localhost' (using password: YES)
2021-11-19 11:33:54 488 [Warning] Access denied for user 'root'@'localhost' (using password: NO)
2021-11-19 11:33:55 489 [Warning] Access denied for user 'root'@'localhost' (using password: NO)
